/Users/alex/.rvm/rubies/ruby-1.9.2-p0/bin/ruby extconf.rb
checking for main() in -lfuse... yes
creating Makefile

make
gcc -I. -I/Users/alex/.rvm/rubies/ruby-1.9.2-p0/include/ruby-1.9.1/x86_64-darwin10.4.0 -I/Users/alex/.rvm/rubies/ruby-1.9.2-p0/include/ruby-1.9.1/ruby/backward -I/Users/alex/.rvm/rubies/ruby-1.9.2-p0/include/ruby-1.9.1 -I. -D_XOPEN_SOURCE -D_DARWIN_C_SOURCE   -fno-common -isysroot /Developer/SDKs/MacOSX10.6.sdk -arch x86_64 -fno-common -pipe -Wall -Werror -D_FILE_OFFSET_BITS=64 -DFUSE_USE_VERSION=26  -o context.o -c context.c
In file included from context.c:1:
context.h:1:18: error: fuse.h: No such file or directory
cc1: warnings being treated as errors
context.c:4: warning: ‘struct fuse_context’ declared inside parameter list
context.c:4: warning: its scope is only this definition or declaration, which is probably not what you want
context.c: In function ‘context_new’:
context.c:19: error: invalid application of ‘sizeof’ to incomplete type ‘struct fuse_context’ 
context.c:19: error: invalid application of ‘sizeof’ to incomplete type ‘struct fuse_context’ 
context.c:19: error: invalid application of ‘sizeof’ to incomplete type ‘struct fuse_context’ 
context.c: In function ‘context_uid’:
context.c:26: error: dereferencing pointer to incomplete type
context.c:27: warning: control reaches end of non-void function
context.c: In function ‘context_gid’:
context.c:31: error: dereferencing pointer to incomplete type
context.c:32: warning: control reaches end of non-void function
context.c: In function ‘context_pid’:
context.c:36: error: dereferencing pointer to incomplete type
context.c:37: warning: control reaches end of non-void function
make: *** [context.o] Error 1
